Warning[205] C:\USERS\LEO\DESKTOP\EXAM\EXAM\UPDOWN COUNT\SEGMENT_DISPLAY.ASM 22 : Found directive in column 1. (ORG)
Warning[203] C:\USERS\LEO\DESKTOP\EXAM\EXAM\UPDOWN COUNT\SEGMENT_DISPLAY.ASM 25 : Found opcode in column 1. (bsf)
Warning[203] C:\USERS\LEO\DESKTOP\EXAM\EXAM\UPDOWN COUNT\SEGMENT_DISPLAY.ASM 26 : Found opcode in column 1. (movlw)
Warning[203] C:\USERS\LEO\DESKTOP\EXAM\EXAM\UPDOWN COUNT\SEGMENT_DISPLAY.ASM 27 : Found opcode in column 1. (movwf)
Message[302] C:\USERS\LEO\DESKTOP\EXAM\EXAM\UPDOWN COUNT\SEGMENT_DISPLAY.ASM 27 : Register in operand not in bank 0.  Ensure that bank bits are correct.
Warning[203] C:\USERS\LEO\DESKTOP\EXAM\EXAM\UPDOWN COUNT\SEGMENT_DISPLAY.ASM 28 : Found opcode in column 1. (movlw)
Warning[203] C:\USERS\LEO\DESKTOP\EXAM\EXAM\UPDOWN COUNT\SEGMENT_DISPLAY.ASM 29 : Found opcode in column 1. (movwf)
Message[302] C:\USERS\LEO\DESKTOP\EXAM\EXAM\UPDOWN COUNT\SEGMENT_DISPLAY.ASM 29 : Register in operand not in bank 0.  Ensure that bank bits are correct.
Warning[203] C:\USERS\LEO\DESKTOP\EXAM\EXAM\UPDOWN COUNT\SEGMENT_DISPLAY.ASM 30 : Found opcode in column 1. (bcf)
Warning[203] C:\USERS\LEO\DESKTOP\EXAM\EXAM\UPDOWN COUNT\SEGMENT_DISPLAY.ASM 38 : Found opcode in column 1. (call)
Warning[203] C:\USERS\LEO\DESKTOP\EXAM\EXAM\UPDOWN COUNT\SEGMENT_DISPLAY.ASM 40 : Found opcode in column 1. (call)
Warning[203] C:\USERS\LEO\DESKTOP\EXAM\EXAM\UPDOWN COUNT\SEGMENT_DISPLAY.ASM 42 : Found opcode in column 1. (goto)
Warning[203] C:\USERS\LEO\DESKTOP\EXAM\EXAM\UPDOWN COUNT\SEGMENT_DISPLAY.ASM 46 : Found opcode in column 1. (btfsc)
Warning[203] C:\USERS\LEO\DESKTOP\EXAM\EXAM\UPDOWN COUNT\SEGMENT_DISPLAY.ASM 47 : Found opcode in column 1. (call)
Warning[203] C:\USERS\LEO\DESKTOP\EXAM\EXAM\UPDOWN COUNT\SEGMENT_DISPLAY.ASM 49 : Found opcode in column 1. (btfsc)
Warning[203] C:\USERS\LEO\DESKTOP\EXAM\EXAM\UPDOWN COUNT\SEGMENT_DISPLAY.ASM 50 : Found opcode in column 1. (call)
Warning[203] C:\USERS\LEO\DESKTOP\EXAM\EXAM\UPDOWN COUNT\SEGMENT_DISPLAY.ASM 52 : Found opcode in column 1. (goto)
Warning[203] C:\USERS\LEO\DESKTOP\EXAM\EXAM\UPDOWN COUNT\SEGMENT_DISPLAY.ASM 54 : Found opcode in column 1. (return)
Warning[203] C:\USERS\LEO\DESKTOP\EXAM\EXAM\UPDOWN COUNT\SEGMENT_DISPLAY.ASM 64 : Found opcode in column 1. (call)
Warning[203] C:\USERS\LEO\DESKTOP\EXAM\EXAM\UPDOWN COUNT\SEGMENT_DISPLAY.ASM 65 : Found opcode in column 1. (call)
Warning[203] C:\USERS\LEO\DESKTOP\EXAM\EXAM\UPDOWN COUNT\SEGMENT_DISPLAY.ASM 72 : Found opcode in column 1. (return)
Warning[203] C:\USERS\LEO\DESKTOP\EXAM\EXAM\UPDOWN COUNT\SEGMENT_DISPLAY.ASM 77 : Found opcode in column 1. (call)
Warning[203] C:\USERS\LEO\DESKTOP\EXAM\EXAM\UPDOWN COUNT\SEGMENT_DISPLAY.ASM 78 : Found opcode in column 1. (call)
Warning[203] C:\USERS\LEO\DESKTOP\EXAM\EXAM\UPDOWN COUNT\SEGMENT_DISPLAY.ASM 79 : Found opcode in column 1. (return)
Warning[203] C:\USERS\LEO\DESKTOP\EXAM\EXAM\UPDOWN COUNT\SEGMENT_DISPLAY.ASM 126 : Found opcode in column 1. (RETLW)
Warning[203] C:\USERS\LEO\DESKTOP\EXAM\EXAM\UPDOWN COUNT\SEGMENT_DISPLAY.ASM 127 : Found opcode in column 1. (RETLW)
Warning[203] C:\USERS\LEO\DESKTOP\EXAM\EXAM\UPDOWN COUNT\SEGMENT_DISPLAY.ASM 128 : Found opcode in column 1. (RETLW)
Warning[203] C:\USERS\LEO\DESKTOP\EXAM\EXAM\UPDOWN COUNT\SEGMENT_DISPLAY.ASM 129 : Found opcode in column 1. (RETLW)
Warning[203] C:\USERS\LEO\DESKTOP\EXAM\EXAM\UPDOWN COUNT\SEGMENT_DISPLAY.ASM 130 : Found opcode in column 1. (RETLW)
Warning[203] C:\USERS\LEO\DESKTOP\EXAM\EXAM\UPDOWN COUNT\SEGMENT_DISPLAY.ASM 131 : Found opcode in column 1. (RETLW)
Warning[203] C:\USERS\LEO\DESKTOP\EXAM\EXAM\UPDOWN COUNT\SEGMENT_DISPLAY.ASM 132 : Found opcode in column 1. (RETLW)
Warning[203] C:\USERS\LEO\DESKTOP\EXAM\EXAM\UPDOWN COUNT\SEGMENT_DISPLAY.ASM 133 : Found opcode in column 1. (RETLW)
Warning[203] C:\USERS\LEO\DESKTOP\EXAM\EXAM\UPDOWN COUNT\SEGMENT_DISPLAY.ASM 134 : Found opcode in column 1. (RETLW)
Warning[205] C:\USERS\LEO\DESKTOP\EXAM\EXAM\UPDOWN COUNT\SEGMENT_DISPLAY.ASM 136 : Found directive in column 1. (END)
